# JRE version: Java(TM) SE Runtime Environment (8.0_45-b14) (build 1.8.0_45-b14)
# Java VM: Java HotSpot(TM) 64-Bit Server VM (25.45-b02 mixed mode bsd-amd64 compressed oops)
Heap:
 PSYoungGen      total 136192K, used 21129K [0x000000076ab00000, 0x0000000773b80000, 0x00000007c0000000)
  eden space 126464K, 9% used [0x000000076ab00000,0x000000076b6dd780,0x0000000772680000)
  from space 9728K, 92% used [0x0000000773200000,0x0000000773ac4ee8,0x0000000773b80000)
  to   space 10752K, 0% used [0x0000000772680000,0x0000000772680000,0x0000000773100000)
 ParOldGen       total 76800K, used 8231K [0x00000006c0000000, 0x00000006c4b00000, 0x000000076ab00000)
  object space 76800K, 10% used [0x00000006c0000000,0x00000006c0809fb8,0x00000006c4b00000)
 Metaspace       used 27673K, capacity 28712K, committed 28976K, reserved 1075200K
  class space    used 3548K, capacity 3815K, committed 3888K, reserved 1048576K
GC Heap History (10 events):
Event: 2.065 GC heap before
{Heap before GC invocations=1 (full 0):
 PSYoungGen      total 76288K, used 65536K [0x000000076ab00000, 0x0000000770000000, 0x00000007c0000000)
  eden space 65536K, 100% used [0x000000076ab00000,0x000000076eb00000,0x000000076eb00000)
  from space 10752K, 0% used [0x000000076f580000,0x000000076f580000,0x0000000770000000)
  to   space 10752K, 0% used [0x000000076eb00000,0x000000076eb00000,0x000000076f580000)
 ParOldGen       total 175104K, used 0K [0x00000006c0000000, 0x00000006cab00000, 0x000000076ab00000)
  object space 175104K, 0% used [0x00000006c0000000,0x00000006c0000000,0x00000006cab00000)
 Metaspace       used 20438K, capacity 21154K, committed 21296K, reserved 1067008K
  class space    used 2855K, capacity 3078K, committed 3120K, reserved 1048576K
Event: 2.074 GC heap after
Heap after GC invocations=1 (full 0):
 PSYoungGen      total 76288K, used 10734K [0x000000076ab00000, 0x0000000770000000, 0x00000007c0000000)
  eden space 65536K, 0% used [0x000000076ab00000,0x000000076ab00000,0x000000076eb00000)
  from space 10752K, 99% used [0x000000076eb00000,0x000000076f57b818,0x000000076f580000)
  to   space 10752K, 0% used [0x000000076f580000,0x000000076f580000,0x0000000770000000)
 ParOldGen       total 175104K, used 330K [0x00000006c0000000, 0x00000006cab00000, 0x000000076ab00000)
  object space 175104K, 0% used [0x00000006c0000000,0x00000006c0052a70,0x00000006cab00000)
 Metaspace       used 20438K, capacity 21154K, committed 21296K, reserved 1067008K
  class space    used 2855K, capacity 3078K, committed 3120K, reserved 1048576K
}
Event: 2.078 GC heap before
{Heap before GC invocations=2 (full 0):
 PSYoungGen      total 76288K, used 13121K [0x000000076ab00000, 0x0000000770000000, 0x00000007c0000000)
  eden space 65536K, 3% used [0x000000076ab00000,0x000000076ad54e00,0x000000076eb00000)
  from space 10752K, 99% used [0x000000076eb00000,0x000000076f57b818,0x000000076f580000)
  to   space 10752K, 0% used [0x000000076f580000,0x000000076f580000,0x0000000770000000)
 ParOldGen       total 175104K, used 330K [0x00000006c0000000, 0x00000006cab00000, 0x000000076ab00000)
  object space 175104K, 0% used [0x00000006c0000000,0x00000006c0052a70,0x00000006cab00000)
 Metaspace       used 20509K, capacity 21218K, committed 21296K, reserved 1067008K
  class space    used 2861K, capacity 3078K, committed 3120K, reserved 1048576K
Event: 2.084 GC heap after
Heap after GC invocations=2 (full 0):
 PSYoungGen      total 76288K, used 10291K [0x000000076ab00000, 0x0000000774000000, 0x00000007c0000000)
  eden space 65536K, 0% used [0x000000076ab00000,0x000000076ab00000,0x000000076eb00000)
  from space 10752K, 95% used [0x000000076f580000,0x000000076ff8cf20,0x0000000770000000)
  to   space 10752K, 0% used [0x000000076eb00000,0x000000076eb00000,0x000000076f580000)
 ParOldGen       total 175104K, used 338K [0x00000006c0000000, 0x00000006cab00000, 0x000000076ab00000)
  object space 175104K, 0% used [0x00000006c0000000,0x00000006c0054a70,0x00000006cab00000)
 Metaspace       used 20509K, capacity 21218K, committed 21296K, reserved 1067008K
  class space    used 2861K, capacity 3078K, committed 3120K, reserved 1048576K
}
Event: 2.085 GC heap before
{Heap before GC invocations=3 (full 1):
 PSYoungGen      total 76288K, used 10291K [0x000000076ab00000, 0x0000000774000000, 0x00000007c0000000)
  eden space 65536K, 0% used [0x000000076ab00000,0x000000076ab00000,0x000000076eb00000)
  from space 10752K, 95% used [0x000000076f580000,0x000000076ff8cf20,0x0000000770000000)
  to   space 10752K, 0% used [0x000000076eb00000,0x000000076eb00000,0x000000076f580000)
 ParOldGen       total 175104K, used 338K [0x00000006c0000000, 0x00000006cab00000, 0x000000076ab00000)
  object space 175104K, 0% used [0x00000006c0000000,0x00000006c0054a70,0x00000006cab00000)
 Metaspace       used 20509K, capacity 21218K, committed 21296K, reserved 1067008K
  class space    used 2861K, capacity 3078K, committed 3120K, reserved 1048576K
Event: 2.107 GC heap after
Heap after GC invocations=3 (full 1):
 PSYoungGen      total 76288K, used 0K [0x000000076ab00000, 0x0000000774000000, 0x00000007c0000000)
  eden space 65536K, 0% used [0x000000076ab00000,0x000000076ab00000,0x000000076eb00000)
  from space 10752K, 0% used [0x000000076f580000,0x000000076f580000,0x0000000770000000)
  to   space 10752K, 0% used [0x000000076eb00000,0x000000076eb00000,0x000000076f580000)
 ParOldGen       total 76800K, used 8215K [0x00000006c0000000, 0x00000006c4b00000, 0x000000076ab00000)
  object space 76800K, 10% used [0x00000006c0000000,0x00000006c0805fb8,0x00000006c4b00000)
 Metaspace       used 20509K, capacity 21218K, committed 21296K, reserved 1067008K
  class space    used 2861K, capacity 3078K, committed 3120K, reserved 1048576K
}
Event: 3.815 GC heap before
{Heap before GC invocations=4 (full 1):
 PSYoungGen      total 76288K, used 65536K [0x000000076ab00000, 0x0000000774000000, 0x00000007c0000000)
  eden space 65536K, 100% used [0x000000076ab00000,0x000000076eb00000,0x000000076eb00000)
  from space 10752K, 0% used [0x000000076f580000,0x000000076f580000,0x0000000770000000)
  to   space 10752K, 0% used [0x000000076eb00000,0x000000076eb00000,0x000000076f580000)
 ParOldGen       total 76800K, used 8215K [0x00000006c0000000, 0x00000006c4b00000, 0x000000076ab00000)
  object space 76800K, 10% used [0x00000006c0000000,0x00000006c0805fb8,0x00000006c4b00000)
 Metaspace       used 25696K, capacity 26568K, committed 26672K, reserved 1073152K
  class space    used 3392K, capacity 3601K, committed 3632K, reserved 1048576K
Event: 3.820 GC heap after
Heap after GC invocations=4 (full 1):
 PSYoungGen      total 76288K, used 7292K [0x000000076ab00000, 0x0000000773c80000, 0x00000007c0000000)
  eden space 65536K, 0% used [0x000000076ab00000,0x000000076ab00000,0x000000076eb00000)
  from space 10752K, 67% used [0x000000076eb00000,0x000000076f21f238,0x000000076f580000)
  to   space 10752K, 0% used [0x0000000773200000,0x0000000773200000,0x0000000773c80000)
 ParOldGen       total 76800K, used 8223K [0x00000006c0000000, 0x00000006c4b00000, 0x000000076ab00000)
  object space 76800K, 10% used [0x00000006c0000000,0x00000006c0807fb8,0x00000006c4b00000)
 Metaspace       used 25696K, capacity 26568K, committed 26672K, reserved 1073152K
  class space    used 3392K, capacity 3601K, committed 3632K, reserved 1048576K
}
Event: 20.638 GC heap before
{Heap before GC invocations=5 (full 1):
 PSYoungGen      total 76288K, used 72828K [0x000000076ab00000, 0x0000000773c80000, 0x00000007c0000000)
  eden space 65536K, 100% used [0x000000076ab00000,0x000000076eb00000,0x000000076eb00000)
  from space 10752K, 67% used [0x000000076eb00000,0x000000076f21f238,0x000000076f580000)
  to   space 10752K, 0% used [0x0000000773200000,0x0000000773200000,0x0000000773c80000)
 ParOldGen       total 76800K, used 8223K [0x00000006c0000000, 0x00000006c4b00000, 0x000000076ab00000)
  object space 76800K, 10% used [0x00000006c0000000,0x00000006c0807fb8,0x00000006c4b00000)
 Metaspace       used 27607K, capacity 28598K, committed 28720K, reserved 1075200K
  class space    used 3539K, capacity 3804K, committed 3888K, reserved 1048576K
Event: 20.647 GC heap after
Heap after GC invocations=5 (full 1):
 PSYoungGen      total 136192K, used 8979K [0x000000076ab00000, 0x0000000773b80000, 0x00000007c0000000)
  eden space 126464K, 0% used [0x000000076ab00000,0x000000076ab00000,0x0000000772680000)
  from space 9728K, 92% used [0x0000000773200000,0x0000000773ac4ee8,0x0000000773b80000)
  to   space 10752K, 0% used [0x0000000772680000,0x0000000772680000,0x0000000773100000)
 ParOldGen       total 76800K, used 8231K [0x00000006c0000000, 0x00000006c4b00000, 0x000000076ab00000)
  object space 76800K, 10% used [0x00000006c0000000,0x00000006c0809fb8,0x00000006c4b00000)
 Metaspace       used 27607K, capacity 28598K, committed 28720K, reserved 1075200K
  class space    used 3539K, capacity 3804K, committed 3888K, reserved 1048576K
}

