# JRE version: Java(TM) SE Runtime Environment (8.0_45-b14) (build 1.8.0_45-b14)
# Java VM: Java HotSpot(TM) 64-Bit Server VM (25.45-b02 mixed mode bsd-amd64 compressed oops)
Heap:
 PSYoungGen      total 76288K, used 59509K [0x000000076ab00000, 0x0000000773b00000, 0x00000007c0000000)
  eden space 65536K, 76% used [0x000000076ab00000,0x000000076dc0fc08,0x000000076eb00000)
  from space 10752K, 86% used [0x000000076eb00000,0x000000076f40d938,0x000000076f580000)
  to   space 10752K, 0% used [0x0000000773080000,0x0000000773080000,0x0000000773b00000)
 ParOldGen       total 78336K, used 8239K [0x00000006c0000000, 0x00000006c4c80000, 0x000000076ab00000)
  object space 78336K, 10% used [0x00000006c0000000,0x00000006c080bf90,0x00000006c4c80000)
 Metaspace       used 27655K, capacity 28680K, committed 28976K, reserved 1075200K
  class space    used 3552K, capacity 3821K, committed 3888K, reserved 1048576K
GC Heap History (8 events):
Event: 1.945 GC heap before
{Heap before GC invocations=1 (full 0):
 PSYoungGen      total 76288K, used 65536K [0x000000076ab00000, 0x0000000770000000, 0x00000007c0000000)
  eden space 65536K, 100% used [0x000000076ab00000,0x000000076eb00000,0x000000076eb00000)
  from space 10752K, 0% used [0x000000076f580000,0x000000076f580000,0x0000000770000000)
  to   space 10752K, 0% used [0x000000076eb00000,0x000000076eb00000,0x000000076f580000)
 ParOldGen       total 175104K, used 0K [0x00000006c0000000, 0x00000006cab00000, 0x000000076ab00000)
  object space 175104K, 0% used [0x00000006c0000000,0x00000006c0000000,0x00000006cab00000)
 Metaspace       used 20391K, capacity 21150K, committed 21296K, reserved 1067008K
  class space    used 2844K, capacity 3076K, committed 3120K, reserved 1048576K
Event: 1.953 GC heap after
Heap after GC invocations=1 (full 0):
 PSYoungGen      total 76288K, used 10727K [0x000000076ab00000, 0x0000000770000000, 0x00000007c0000000)
  eden space 65536K, 0% used [0x000000076ab00000,0x000000076ab00000,0x000000076eb00000)
  from space 10752K, 99% used [0x000000076eb00000,0x000000076f579c50,0x000000076f580000)
  to   space 10752K, 0% used [0x000000076f580000,0x000000076f580000,0x0000000770000000)
 ParOldGen       total 175104K, used 315K [0x00000006c0000000, 0x00000006cab00000, 0x000000076ab00000)
  object space 175104K, 0% used [0x00000006c0000000,0x00000006c004ee60,0x00000006cab00000)
 Metaspace       used 20391K, capacity 21150K, committed 21296K, reserved 1067008K
  class space    used 2844K, capacity 3076K, committed 3120K, reserved 1048576K
}
Event: 1.961 GC heap before
{Heap before GC invocations=2 (full 0):
 PSYoungGen      total 76288K, used 13112K [0x000000076ab00000, 0x0000000770000000, 0x00000007c0000000)
  eden space 65536K, 3% used [0x000000076ab00000,0x000000076ad547a0,0x000000076eb00000)
  from space 10752K, 99% used [0x000000076eb00000,0x000000076f579c50,0x000000076f580000)
  to   space 10752K, 0% used [0x000000076f580000,0x000000076f580000,0x0000000770000000)
 ParOldGen       total 175104K, used 315K [0x00000006c0000000, 0x00000006cab00000, 0x000000076ab00000)
  object space 175104K, 0% used [0x00000006c0000000,0x00000006c004ee60,0x00000006cab00000)
 Metaspace       used 20487K, capacity 21214K, committed 21296K, reserved 1067008K
  class space    used 2853K, capacity 3076K, committed 3120K, reserved 1048576K
Event: 1.967 GC heap after
Heap after GC invocations=2 (full 0):
 PSYoungGen      total 76288K, used 10259K [0x000000076ab00000, 0x0000000774000000, 0x00000007c0000000)
  eden space 65536K, 0% used [0x000000076ab00000,0x000000076ab00000,0x000000076eb00000)
  from space 10752K, 95% used [0x000000076f580000,0x000000076ff84ee0,0x0000000770000000)
  to   space 10752K, 0% used [0x000000076eb00000,0x000000076eb00000,0x000000076f580000)
 ParOldGen       total 175104K, used 323K [0x00000006c0000000, 0x00000006cab00000, 0x000000076ab00000)
  object space 175104K, 0% used [0x00000006c0000000,0x00000006c0050e60,0x00000006cab00000)
 Metaspace       used 20487K, capacity 21214K, committed 21296K, reserved 1067008K
  class space    used 2853K, capacity 3076K, committed 3120K, reserved 1048576K
}
Event: 1.967 GC heap before
{Heap before GC invocations=3 (full 1):
 PSYoungGen      total 76288K, used 10259K [0x000000076ab00000, 0x0000000774000000, 0x00000007c0000000)
  eden space 65536K, 0% used [0x000000076ab00000,0x000000076ab00000,0x000000076eb00000)
  from space 10752K, 95% used [0x000000076f580000,0x000000076ff84ee0,0x0000000770000000)
  to   space 10752K, 0% used [0x000000076eb00000,0x000000076eb00000,0x000000076f580000)
 ParOldGen       total 175104K, used 323K [0x00000006c0000000, 0x00000006cab00000, 0x000000076ab00000)
  object space 175104K, 0% used [0x00000006c0000000,0x00000006c0050e60,0x00000006cab00000)
 Metaspace       used 20487K, capacity 21214K, committed 21296K, reserved 1067008K
  class space    used 2853K, capacity 3076K, committed 3120K, reserved 1048576K
Event: 1.990 GC heap after
Heap after GC invocations=3 (full 1):
 PSYoungGen      total 76288K, used 0K [0x000000076ab00000, 0x0000000774000000, 0x00000007c0000000)
  eden space 65536K, 0% used [0x000000076ab00000,0x000000076ab00000,0x000000076eb00000)
  from space 10752K, 0% used [0x000000076f580000,0x000000076f580000,0x0000000770000000)
  to   space 10752K, 0% used [0x000000076eb00000,0x000000076eb00000,0x000000076f580000)
 ParOldGen       total 78336K, used 8231K [0x00000006c0000000, 0x00000006c4c80000, 0x000000076ab00000)
  object space 78336K, 10% used [0x00000006c0000000,0x00000006c0809f90,0x00000006c4c80000)
 Metaspace       used 20487K, capacity 21214K, committed 21296K, reserved 1067008K
  class space    used 2853K, capacity 3076K, committed 3120K, reserved 1048576K
}
Event: 3.480 GC heap before
{Heap before GC invocations=4 (full 1):
 PSYoungGen      total 76288K, used 65536K [0x000000076ab00000, 0x0000000774000000, 0x00000007c0000000)
  eden space 65536K, 100% used [0x000000076ab00000,0x000000076eb00000,0x000000076eb00000)
  from space 10752K, 0% used [0x000000076f580000,0x000000076f580000,0x0000000770000000)
  to   space 10752K, 0% used [0x000000076eb00000,0x000000076eb00000,0x000000076f580000)
 ParOldGen       total 78336K, used 8231K [0x00000006c0000000, 0x00000006c4c80000, 0x000000076ab00000)
  object space 78336K, 10% used [0x00000006c0000000,0x00000006c0809f90,0x00000006c4c80000)
 Metaspace       used 25996K, capacity 26920K, committed 27056K, reserved 1073152K
  class space    used 3419K, capacity 3643K, committed 3760K, reserved 1048576K
Event: 3.486 GC heap after
Heap after GC invocations=4 (full 1):
 PSYoungGen      total 76288K, used 9270K [0x000000076ab00000, 0x0000000773b00000, 0x00000007c0000000)
  eden space 65536K, 0% used [0x000000076ab00000,0x000000076ab00000,0x000000076eb00000)
  from space 10752K, 86% used [0x000000076eb00000,0x000000076f40d938,0x000000076f580000)
  to   space 10752K, 0% used [0x0000000773080000,0x0000000773080000,0x0000000773b00000)
 ParOldGen       total 78336K, used 8239K [0x00000006c0000000, 0x00000006c4c80000, 0x000000076ab00000)
  object space 78336K, 10% used [0x00000006c0000000,0x00000006c080bf90,0x00000006c4c80000)
 Metaspace       used 25996K, capacity 26920K, committed 27056K, reserved 1073152K
  class space    used 3419K, capacity 3643K, committed 3760K, reserved 1048576K
}

